<?xml version="1.0" encoding="UTF-8"?>
<!-- Generated by org.testng.reporters.JUnitReportReporter -->
<testsuite hostname="AESPINOZAH-DH01" name="aveh.tests.TestClass1" tests="2" failures="0" timestamp="8 Oct 2013 19:37:19 GMT" time="0.009" errors="0">
  <testcase name="A1" time="0.009" classname="aveh.tests.TestClass1"/>
  <testcase name="B1" time="0.000" classname="aveh.tests.TestClass1"/>
</testsuite> <!-- aveh.tests.TestClass1 -->
